<?xml version="1.0" encoding="UTF-8"?>
<coverage generated="1700124694068" clover="3.2.0">
  <project timestamp="1700124694068" name="All files">
    <metrics statements="35" coveredstatements="22" conditionals="8" coveredconditionals="5" methods="11" coveredmethods="6" elements="54" coveredelements="33" complexity="0" loc="35" ncloc="35" packages="1" files="6" classes="6"/>
    <file name="Footer.jsx" path="D:\Projects\Fullstack-open\render_material\frontend\src\components\Footer.jsx">
      <metrics statements="5" coveredstatements="0" conditionals="0" coveredconditionals="0" methods="2" coveredmethods="0"/>
      <line num="1" count="0" type="stmt"/>
      <line num="2" count="0" type="stmt"/>
      <line num="7" count="0" type="stmt"/>
      <line num="17" count="0" type="stmt"/>
      <line num="20" count="0" type="stmt"/>
    </file>
    <file name="LoginForm.jsx" path="D:\Projects\Fullstack-open\render_material\frontend\src\components\LoginForm.jsx">
      <metrics statements="3" coveredstatements="0" conditionals="0" coveredconditionals="0" methods="1" coveredmethods="0"/>
      <line num="3" count="0" type="stmt"/>
      <line num="11" count="0" type="stmt"/>
      <line num="19" count="0" type="stmt"/>
    </file>
    <file name="Note.jsx" path="D:\Projects\Fullstack-open\render_material\frontend\src\components\Note.jsx">
      <metrics statements="3" coveredstatements="3" conditionals="2" coveredconditionals="1" methods="1" coveredmethods="1"/>
      <line num="1" count="1" type="stmt"/>
      <line num="2" count="3" type="cond" truecount="1" falsecount="1"/>
      <line num="4" count="3" type="stmt"/>
    </file>
    <file name="NoteForm.jsx" path="D:\Projects\Fullstack-open\render_material\frontend\src\components\NoteForm.jsx">
      <metrics statements="9" coveredstatements="9" conditionals="0" coveredconditionals="0" methods="3" coveredmethods="3"/>
      <line num="3" count="1" type="stmt"/>
      <line num="4" count="19" type="stmt"/>
      <line num="6" count="19" type="stmt"/>
      <line num="7" count="17" type="stmt"/>
      <line num="10" count="19" type="stmt"/>
      <line num="11" count="1" type="stmt"/>
      <line num="12" count="1" type="stmt"/>
      <line num="17" count="1" type="stmt"/>
      <line num="20" count="19" type="stmt"/>
    </file>
    <file name="Notification.jsx" path="D:\Projects\Fullstack-open\render_material\frontend\src\components\Notification.jsx">
      <metrics statements="4" coveredstatements="0" conditionals="2" coveredconditionals="0" methods="1" coveredmethods="0"/>
      <line num="1" count="0" type="stmt"/>
      <line num="2" count="0" type="cond" truecount="0" falsecount="2"/>
      <line num="3" count="0" type="stmt"/>
      <line num="6" count="0" type="stmt"/>
    </file>
    <file name="Togglable.jsx" path="D:\Projects\Fullstack-open\render_material\frontend\src\components\Togglable.jsx">
      <metrics statements="11" coveredstatements="10" conditionals="4" coveredconditionals="4" methods="3" coveredmethods="2"/>
      <line num="4" count="1" type="stmt"/>
      <line num="5" count="7" type="stmt"/>
      <line num="7" count="7" type="cond" truecount="2" falsecount="0"/>
      <line num="8" count="7" type="cond" truecount="2" falsecount="0"/>
      <line num="10" count="7" type="stmt"/>
      <line num="11" count="3" type="stmt"/>
      <line num="14" count="7" type="stmt"/>
      <line num="15" count="0" type="stmt"/>
      <line num="20" count="7" type="stmt"/>
      <line num="24" count="7" type="stmt"/>
      <line num="37" count="1" type="stmt"/>
    </file>
  </project>
</coverage>
